[INFO] Scanning for projects...
[INFO] 
[INFO] ----------------------< com.example:rsa-web-app >-----------------------
[INFO] Building RSA Web Application 1.0-SNAPSHOT
[INFO]   from pom.xml
[INFO] --------------------------------[ jar ]---------------------------------
[INFO] 
[INFO] >>> spring-boot:2.7.18:run (default-cli) > test-compile @ rsa-web-app >>>
[INFO] 
[INFO] --- resources:3.2.0:resources (default-resources) @ rsa-web-app ---
[INFO] Using 'UTF-8' encoding to copy filtered resources.
[INFO] Using 'UTF-8' encoding to copy filtered properties files.
[INFO] Copying 2 resources
[INFO] Copying 0 resource
[INFO] 
[INFO] --- compiler:3.10.1:compile (default-compile) @ rsa-web-app ---
[INFO] Nothing to compile - all classes are up to date
[INFO] 
[INFO] --- resources:3.2.0:testResources (default-testResources) @ rsa-web-app ---
[INFO] Using 'UTF-8' encoding to copy filtered resources.
[INFO] Using 'UTF-8' encoding to copy filtered properties files.
[INFO] skip non existing resourceDirectory /Users/jordyszoinker/Documents/github/rsa-web-app/backend/src/test/resources
[INFO] 
[INFO] --- compiler:3.10.1:testCompile (default-testCompile) @ rsa-web-app ---
[INFO] No sources to compile
[INFO] 
[INFO] <<< spring-boot:2.7.18:run (default-cli) < test-compile @ rsa-web-app <<<
[INFO] 
[INFO] 
[INFO] --- spring-boot:2.7.18:run (default-cli) @ rsa-web-app ---
[INFO] Attaching agents: []

  .   ____          _            __ _ _
 /\\ / ___'_ __ _ _(_)_ __  __ _ \ \ \ \
( ( )\___ | '_ | '_| | '_ \/ _` | \ \ \ \
 \\/  ___)| |_)| | | | | || (_| |  ) ) ) )
  '  |____| .__|_| |_|_| |_\__, | / / / /
 =========|_|==============|___/=/_/_/_/
[32m :: Spring Boot :: [39m             [2m (v2.7.18)[0;39m

[2m2025-10-01 15:44:08.410[0;39m [32m INFO[0;39m [35m51342[0;39m [2m---[0;39m [2m[           main][0;39m [36mcom.example.rsawebapp.Application       [0;39m [2m:[0;39m Starting Application using Java 23.0.2 on Jordys-Laptop.local with PID 51342 (/Users/jordyszoinker/Documents/github/rsa-web-app/backend/target/classes started by jordyszoinker in /Users/jordyszoinker/Documents/github/rsa-web-app/backend)
[2m2025-10-01 15:44:08.411[0;39m [32m INFO[0;39m [35m51342[0;39m [2m---[0;39m [2m[           main][0;39m [36mcom.example.rsawebapp.Application       [0;39m [2m:[0;39m No active profile set, falling back to 1 default profile: "default"
[2m2025-10-01 15:44:08.606[0;39m [32m INFO[0;39m [35m51342[0;39m [2m---[0;39m [2m[           main][0;39m [36m.s.d.r.c.RepositoryConfigurationDelegate[0;39m [2m:[0;39m Bootstrapping Spring Data JPA repositories in DEFAULT mode.
[2m2025-10-01 15:44:08.623[0;39m [32m INFO[0;39m [35m51342[0;39m [2m---[0;39m [2m[           main][0;39m [36m.s.d.r.c.RepositoryConfigurationDelegate[0;39m [2m:[0;39m Finished Spring Data repository scanning in 13 ms. Found 3 JPA repository interfaces.
[2m2025-10-01 15:44:08.804[0;39m [32m INFO[0;39m [35m51342[0;39m [2m---[0;39m [2m[           main][0;39m [36mo.s.b.w.embedded.tomcat.TomcatWebServer [0;39m [2m:[0;39m Tomcat initialized with port(s): 8080 (http)
[2m2025-10-01 15:44:08.808[0;39m [32m INFO[0;39m [35m51342[0;39m [2m---[0;39m [2m[           main][0;39m [36mo.apache.catalina.core.StandardService  [0;39m [2m:[0;39m Starting service [Tomcat]
[2m2025-10-01 15:44:08.808[0;39m [32m INFO[0;39m [35m51342[0;39m [2m---[0;39m [2m[           main][0;39m [36morg.apache.catalina.core.StandardEngine [0;39m [2m:[0;39m Starting Servlet engine: [Apache Tomcat/9.0.83]
[2m2025-10-01 15:44:08.834[0;39m [32m INFO[0;39m [35m51342[0;39m [2m---[0;39m [2m[           main][0;39m [36mo.a.c.c.C.[Tomcat].[localhost].[/]      [0;39m [2m:[0;39m Initializing Spring embedded WebApplicationContext
[2m2025-10-01 15:44:08.834[0;39m [32m INFO[0;39m [35m51342[0;39m [2m---[0;39m [2m[           main][0;39m [36mw.s.c.ServletWebServerApplicationContext[0;39m [2m:[0;39m Root WebApplicationContext: initialization completed in 405 ms
[2m2025-10-01 15:44:08.846[0;39m [32m INFO[0;39m [35m51342[0;39m [2m---[0;39m [2m[           main][0;39m [36mcom.zaxxer.hikari.HikariDataSource      [0;39m [2m:[0;39m HikariPool-1 - Starting...
[2m2025-10-01 15:44:08.910[0;39m [32m INFO[0;39m [35m51342[0;39m [2m---[0;39m [2m[           main][0;39m [36mcom.zaxxer.hikari.HikariDataSource      [0;39m [2m:[0;39m HikariPool-1 - Start completed.
[2m2025-10-01 15:44:08.915[0;39m [32m INFO[0;39m [35m51342[0;39m [2m---[0;39m [2m[           main][0;39m [36mo.s.b.a.h2.H2ConsoleAutoConfiguration   [0;39m [2m:[0;39m H2 console available at '/h2-console'. Database available at 'jdbc:h2:mem:rsawebapp'
[2m2025-10-01 15:44:08.973[0;39m [32m INFO[0;39m [35m51342[0;39m [2m---[0;39m [2m[           main][0;39m [36mo.hibernate.jpa.internal.util.LogHelper [0;39m [2m:[0;39m HHH000204: Processing PersistenceUnitInfo [name: default]
[2m2025-10-01 15:44:08.995[0;39m [32m INFO[0;39m [35m51342[0;39m [2m---[0;39m [2m[           main][0;39m [36morg.hibernate.Version                   [0;39m [2m:[0;39m HHH000412: Hibernate ORM core version 5.6.15.Final
[2m2025-10-01 15:44:09.053[0;39m [32m INFO[0;39m [35m51342[0;39m [2m---[0;39m [2m[           main][0;39m [36mo.hibernate.annotations.common.Version  [0;39m [2m:[0;39m HCANN000001: Hibernate Commons Annotations {5.1.2.Final}
[2m2025-10-01 15:44:09.092[0;39m [32m INFO[0;39m [35m51342[0;39m [2m---[0;39m [2m[           main][0;39m [36morg.hibernate.dialect.Dialect           [0;39m [2m:[0;39m HHH000400: Using dialect: org.hibernate.dialect.H2Dialect
Hibernate: drop table if exists last_seen CASCADE 
Hibernate: drop table if exists messages CASCADE 
Hibernate: drop table if exists users CASCADE 
Hibernate: create table last_seen (id bigint generated by default as identity, chat_with varchar(255), last_seen_timestamp timestamp, username varchar(255), primary key (id))
Hibernate: create table messages (id bigint generated by default as identity, content varchar(2048), encrypted boolean not null, recipient varchar(255), sender varchar(255), time_stamp timestamp, primary key (id))
Hibernate: create table users (id bigint generated by default as identity, password varchar(255), public_key varchar(2048), username varchar(255), primary key (id))
Hibernate: alter table users add constraint UK_r43af9ap4edm43mmtq01oddj6 unique (username)
[2m2025-10-01 15:44:09.260[0;39m [32m INFO[0;39m [35m51342[0;39m [2m---[0;39m [2m[           main][0;39m [36mo.h.e.t.j.p.i.JtaPlatformInitiator      [0;39m [2m:[0;39m HHH000490: Using JtaPlatform implementation: [org.hibernate.engine.transaction.jta.platform.internal.NoJtaPlatform]
[2m2025-10-01 15:44:09.262[0;39m [32m INFO[0;39m [35m51342[0;39m [2m---[0;39m [2m[           main][0;39m [36mj.LocalContainerEntityManagerFactoryBean[0;39m [2m:[0;39m Initialized JPA EntityManagerFactory for persistence unit 'default'
[2m2025-10-01 15:44:09.429[0;39m [33m WARN[0;39m [35m51342[0;39m [2m---[0;39m [2m[           main][0;39m [36m.s.s.UserDetailsServiceAutoConfiguration[0;39m [2m:[0;39m 

Using generated security password: 30cd20a0-adcf-46bd-bdb4-54cab1be3e24

This generated password is for development use only. Your security configuration must be updated before running your application in production.

[2m2025-10-01 15:44:09.465[0;39m [32m INFO[0;39m [35m51342[0;39m [2m---[0;39m [2m[           main][0;39m [36mo.s.s.web.DefaultSecurityFilterChain    [0;39m [2m:[0;39m Will secure any request with [org.springframework.security.web.session.DisableEncodeUrlFilter@709d2a6c, org.springframework.security.web.context.request.async.WebAsyncManagerIntegrationFilter@3b50f432, org.springframework.security.web.context.SecurityContextPersistenceFilter@126d8659, org.springframework.security.web.header.HeaderWriterFilter@32f14274, org.springframework.security.web.authentication.logout.LogoutFilter@66048c9e, com.example.rsawebapp.config.JwtRequestFilter@43c57161, org.springframework.security.web.savedrequest.RequestCacheAwareFilter@5dfec221, org.springframework.security.web.servletapi.SecurityContextHolderAwareRequestFilter@5e9cb95, org.springframework.security.web.authentication.AnonymousAuthenticationFilter@3fe5ad73, org.springframework.security.web.session.SessionManagementFilter@c96c497, org.springframework.security.web.access.ExceptionTranslationFilter@296bfddb, org.springframework.security.web.access.intercept.FilterSecurityInterceptor@1f0f92f5]
[2m2025-10-01 15:44:09.475[0;39m [33m WARN[0;39m [35m51342[0;39m [2m---[0;39m [2m[           main][0;39m [36mJpaBaseConfiguration$JpaWebConfiguration[0;39m [2m:[0;39m spring.jpa.open-in-view is enabled by default. Therefore, database queries may be performed during view rendering. Explicitly configure spring.jpa.open-in-view to disable this warning
[2m2025-10-01 15:44:09.572[0;39m [32m INFO[0;39m [35m51342[0;39m [2m---[0;39m [2m[           main][0;39m [36mo.s.b.w.embedded.tomcat.TomcatWebServer [0;39m [2m:[0;39m Tomcat started on port(s): 8080 (http) with context path ''
[2m2025-10-01 15:44:09.575[0;39m [32m INFO[0;39m [35m51342[0;39m [2m---[0;39m [2m[           main][0;39m [36mcom.example.rsawebapp.Application       [0;39m [2m:[0;39m Started Application in 1.276 seconds (JVM running for 1.402)
[2m2025-10-01 15:45:05.395[0;39m [32m INFO[0;39m [35m51342[0;39m [2m---[0;39m [2m[nio-8080-exec-1][0;39m [36mo.a.c.c.C.[Tomcat].[localhost].[/]      [0;39m [2m:[0;39m Initializing Spring DispatcherServlet 'dispatcherServlet'
[2m2025-10-01 15:45:05.396[0;39m [32m INFO[0;39m [35m51342[0;39m [2m---[0;39m [2m[nio-8080-exec-1][0;39m [36mo.s.web.servlet.DispatcherServlet       [0;39m [2m:[0;39m Initializing Servlet 'dispatcherServlet'
[2m2025-10-01 15:45:05.397[0;39m [32m INFO[0;39m [35m51342[0;39m [2m---[0;39m [2m[nio-8080-exec-1][0;39m [36mo.s.web.servlet.DispatcherServlet       [0;39m [2m:[0;39m Completed initialization in 1 ms
Hibernate: select user0_.id as id1_2_, user0_.password as password2_2_, user0_.public_key as public_k3_2_, user0_.username as username4_2_ from users user0_ where user0_.username=?
Hibernate: insert into users (id, password, public_key, username) values (default, ?, ?, ?)
Hibernate: select user0_.id as id1_2_, user0_.password as password2_2_, user0_.public_key as public_k3_2_, user0_.username as username4_2_ from users user0_ where user0_.username=?
Hibernate: insert into users (id, password, public_key, username) values (default, ?, ?, ?)
[2m2025-10-01 15:50:03.905[0;39m [32m INFO[0;39m [35m51342[0;39m [2m---[0;39m [2m[ionShutdownHook][0;39m [36mj.LocalContainerEntityManagerFactoryBean[0;39m [2m:[0;39m Closing JPA EntityManagerFactory for persistence unit 'default'
[2m2025-10-01 15:50:03.906[0;39m [32m INFO[0;39m [35m51342[0;39m [2m---[0;39m [2m[ionShutdownHook][0;39m [36m.SchemaDropperImpl$DelayedDropActionImpl[0;39m [2m:[0;39m HHH000477: Starting delayed evictData of schema as part of SessionFactory shut-down'
Hibernate: drop table if exists last_seen CASCADE 
Hibernate: drop table if exists messages CASCADE 
Hibernate: drop table if exists users CASCADE 
[2m2025-10-01 15:50:03.911[0;39m [32m INFO[0;39m [35m51342[0;39m [2m---[0;39m [2m[ionShutdownHook][0;39m [36mcom.zaxxer.hikari.HikariDataSource      [0;39m [2m:[0;39m HikariPool-1 - Shutdown initiated...
[2m2025-10-01 15:50:03.912[0;39m [32m INFO[0;39m [35m51342[0;39m [2m---[0;39m [2m[ionShutdownHook][0;39m [36mcom.zaxxer.hikari.HikariDataSource      [0;39m [2m:[0;39m HikariPool-1 - Shutdown completed.
[INFO] ------------------------------------------------------------------------
[INFO] BUILD FAILURE
[INFO] ------------------------------------------------------------------------
[INFO] Total time:  05:56 min
[INFO] Finished at: 2025-10-01T15:50:03+02:00
[INFO] ------------------------------------------------------------------------
[ERROR] Failed to execute goal org.springframework.boot:spring-boot-maven-plugin:2.7.18:run (default-cli) on project rsa-web-app: Application finished with exit code: 143 -> [Help 1]
[ERROR] 
[ERROR] To see the full stack trace of the errors, re-run Maven with the -e switch.
[ERROR] Re-run Maven using the -X switch to enable full debug logging.
[ERROR] 
[ERROR] For more information about the errors and possible solutions, please read the following articles:
[ERROR] [Help 1] http://cwiki.apache.org/confluence/display/MAVEN/MojoExecutionException
